<!DOCTYPE html>
<html>
  <head>
    <meta charset="utf-8"/>
    <title>Report.report1.html</title>
    <link href="assets/style.css" rel="stylesheet" type="text/css"/></head>
  <body onLoad="init()">
    <script>/* This Source Code Form is subject to the terms of the Mozilla Public
 * License, v. 2.0. If a copy of the MPL was not distributed with this file,
 * You can obtain one at http://mozilla.org/MPL/2.0/. */


function toArray(iter) {
    if (iter === null) {
        return null;
    }
    return Array.prototype.slice.call(iter);
}

function find(selector, elem) { // eslint-disable-line no-redeclare
    if (!elem) {
        elem = document;
    }
    return elem.querySelector(selector);
}

function findAll(selector, elem) {
    if (!elem) {
        elem = document;
    }
    return toArray(elem.querySelectorAll(selector));
}

function sortColumn(elem) {
    toggleSortStates(elem);
    const colIndex = toArray(elem.parentNode.childNodes).indexOf(elem);
    let key;
    if (elem.classList.contains('result')) {
        key = keyResult;
    } else if (elem.classList.contains('links')) {
        key = keyLink;
    } else {
        key = keyAlpha;
    }
    sortTable(elem, key(colIndex));
}

function showAllExtras() { // eslint-disable-line no-unused-vars
    findAll('.col-result').forEach(showExtras);
}

function hideAllExtras() { // eslint-disable-line no-unused-vars
    findAll('.col-result').forEach(hideExtras);
}

function showExtras(colresultElem) {
    const extras = colresultElem.parentNode.nextElementSibling;
    const expandcollapse = colresultElem.firstElementChild;
    extras.classList.remove('collapsed');
    expandcollapse.classList.remove('expander');
    expandcollapse.classList.add('collapser');
}

function hideExtras(colresultElem) {
    const extras = colresultElem.parentNode.nextElementSibling;
    const expandcollapse = colresultElem.firstElementChild;
    extras.classList.add('collapsed');
    expandcollapse.classList.remove('collapser');
    expandcollapse.classList.add('expander');
}

function showFilters() {
    let visibleString = getQueryParameter('visible') || 'all';
    visibleString = visibleString.toLowerCase();
    const checkedItems = visibleString.split(',');

    const filterItems = document.getElementsByClassName('filter');
    for (let i = 0; i < filterItems.length; i++) {
        filterItems[i].hidden = false;

        if (visibleString != 'all') {
            filterItems[i].checked = checkedItems.includes(filterItems[i].getAttribute('data-test-result'));
            filterTable(filterItems[i]);
        }
    }
}

function addCollapse() {
    // Add links for show/hide all
    const resulttable = find('table#results-table');
    const showhideall = document.createElement('p');
    showhideall.innerHTML = '<a href="javascript:showAllExtras()">Show all details</a> / ' +
                            '<a href="javascript:hideAllExtras()">Hide all details</a>';
    resulttable.parentElement.insertBefore(showhideall, resulttable);

    // Add show/hide link to each result
    findAll('.col-result').forEach(function(elem) {
        const collapsed = getQueryParameter('collapsed') || 'Passed';
        const extras = elem.parentNode.nextElementSibling;
        const expandcollapse = document.createElement('span');
        if (extras.classList.contains('collapsed')) {
            expandcollapse.classList.add('expander');
        } else if (collapsed.includes(elem.innerHTML)) {
            extras.classList.add('collapsed');
            expandcollapse.classList.add('expander');
        } else {
            expandcollapse.classList.add('collapser');
        }
        elem.appendChild(expandcollapse);

        elem.addEventListener('click', function(event) {
            if (event.currentTarget.parentNode.nextElementSibling.classList.contains('collapsed')) {
                showExtras(event.currentTarget);
            } else {
                hideExtras(event.currentTarget);
            }
        });
    });
}

function getQueryParameter(name) {
    const match = RegExp('[?&]' + name + '=([^&]*)').exec(window.location.search);
    return match && decodeURIComponent(match[1].replace(/\+/g, ' '));
}

function init () { // eslint-disable-line no-unused-vars
    resetSortHeaders();

    addCollapse();

    showFilters();

    sortColumn(find('.initial-sort'));

    findAll('.sortable').forEach(function(elem) {
        elem.addEventListener('click',
            function() {
                sortColumn(elem);
            }, false);
    });
}

function sortTable(clicked, keyFunc) {
    const rows = findAll('.results-table-row');
    const reversed = !clicked.classList.contains('asc');
    const sortedRows = sort(rows, keyFunc, reversed);
    /* Whole table is removed here because browsers acts much slower
     * when appending existing elements.
     */
    const thead = document.getElementById('results-table-head');
    document.getElementById('results-table').remove();
    const parent = document.createElement('table');
    parent.id = 'results-table';
    parent.appendChild(thead);
    sortedRows.forEach(function(elem) {
        parent.appendChild(elem);
    });
    document.getElementsByTagName('BODY')[0].appendChild(parent);
}

function sort(items, keyFunc, reversed) {
    const sortArray = items.map(function(item, i) {
        return [keyFunc(item), i];
    });

    sortArray.sort(function(a, b) {
        const keyA = a[0];
        const keyB = b[0];

        if (keyA == keyB) return 0;

        if (reversed) {
            return keyA < keyB ? 1 : -1;
        } else {
            return keyA > keyB ? 1 : -1;
        }
    });

    return sortArray.map(function(item) {
        const index = item[1];
        return items[index];
    });
}

function keyAlpha(colIndex) {
    return function(elem) {
        return elem.childNodes[1].childNodes[colIndex].firstChild.data.toLowerCase();
    };
}

function keyLink(colIndex) {
    return function(elem) {
        const dataCell = elem.childNodes[1].childNodes[colIndex].firstChild;
        return dataCell == null ? '' : dataCell.innerText.toLowerCase();
    };
}

function keyResult(colIndex) {
    return function(elem) {
        const strings = ['Error', 'Failed', 'Rerun', 'XFailed', 'XPassed',
            'Skipped', 'Passed'];
        return strings.indexOf(elem.childNodes[1].childNodes[colIndex].firstChild.data);
    };
}

function resetSortHeaders() {
    findAll('.sort-icon').forEach(function(elem) {
        elem.parentNode.removeChild(elem);
    });
    findAll('.sortable').forEach(function(elem) {
        const icon = document.createElement('div');
        icon.className = 'sort-icon';
        icon.textContent = 'vvv';
        elem.insertBefore(icon, elem.firstChild);
        elem.classList.remove('desc', 'active');
        elem.classList.add('asc', 'inactive');
    });
}

function toggleSortStates(elem) {
    //if active, toggle between asc and desc
    if (elem.classList.contains('active')) {
        elem.classList.toggle('asc');
        elem.classList.toggle('desc');
    }

    //if inactive, reset all other functions and add ascending active
    if (elem.classList.contains('inactive')) {
        resetSortHeaders();
        elem.classList.remove('inactive');
        elem.classList.add('active');
    }
}

function isAllRowsHidden(value) {
    return value.hidden == false;
}

function filterTable(elem) { // eslint-disable-line no-unused-vars
    const outcomeAtt = 'data-test-result';
    const outcome = elem.getAttribute(outcomeAtt);
    const classOutcome = outcome + ' results-table-row';
    const outcomeRows = document.getElementsByClassName(classOutcome);

    for(let i = 0; i < outcomeRows.length; i++){
        outcomeRows[i].hidden = !elem.checked;
    }

    const rows = findAll('.results-table-row').filter(isAllRowsHidden);
    const allRowsHidden = rows.length == 0 ? true : false;
    const notFoundMessage = document.getElementById('not-found-message');
    notFoundMessage.hidden = !allRowsHidden;
}
</script>
    <h1>Report.report1.html</h1>
    <p>Report generated on 30-Jun-2023 at 18:37:10 by <a href="https://pypi.python.org/pypi/pytest-html">pytest-html</a> v3.2.0</p>
    <h2>Summary</h2>
    <p>9 tests ran in 199.69 seconds. </p>
    <p class="filter" hidden="true">(Un)check the boxes to filter the results.</p><input checked="true" class="filter" data-test-result="passed" hidden="true" name="filter_checkbox" onChange="filterTable(this)" type="checkbox"/><span class="passed">5 passed</span>, <input checked="true" class="filter" data-test-result="skipped" disabled="true" hidden="true" name="filter_checkbox" onChange="filterTable(this)" type="checkbox"/><span class="skipped">0 skipped</span>, <input checked="true" class="filter" data-test-result="failed" hidden="true" name="filter_checkbox" onChange="filterTable(this)" type="checkbox"/><span class="failed">4 failed</span>, <input checked="true" class="filter" data-test-result="error" disabled="true" hidden="true" name="filter_checkbox" onChange="filterTable(this)" type="checkbox"/><span class="error">0 errors</span>, <input checked="true" class="filter" data-test-result="xfailed" disabled="true" hidden="true" name="filter_checkbox" onChange="filterTable(this)" type="checkbox"/><span class="xfailed">0 expected failures</span>, <input checked="true" class="filter" data-test-result="xpassed" disabled="true" hidden="true" name="filter_checkbox" onChange="filterTable(this)" type="checkbox"/><span class="xpassed">0 unexpected passes</span>
    <h2>Results</h2>
    <table id="results-table">
      <thead id="results-table-head">
        <tr>
          <th class="sortable result initial-sort" col="result">Result</th>
          <th class="sortable" col="name">Test</th>
          <th class="sortable" col="duration">Duration</th>
          <th class="sortable links" col="links">Links</th></tr>
        <tr hidden="true" id="not-found-message">
          <th colspan="4">No results found. Try to check the filters</th></tr></thead>
      <tbody class="failed results-table-row">
        <tr>
          <td class="col-result">Failed</td>
          <td class="col-name">TestCases/test_Registration1.py::Test_registration::test_Registration__002</td>
          <td class="col-duration">20.87</td>
          <td class="col-links"></td></tr>
        <tr>
          <td class="extra" colspan="4">
            <div class="log">[gw1] win32 -- Python 3.10.11 C:\Users\Admin\PycharmProjects\CreadCart_Auto_final\venv\Scripts\python.exe<br/>[gw1] win32 -- Python 3.10.11 C:\Users\Admin\PycharmProjects\CreadCart_Auto_final\venv\Scripts\python.exe[gw1] win32 -- Python 3.10.11 C:\Users\Admin\PycharmProjects\CreadCart_Auto_final\venv\Scripts\python.exe<br/><br/>self = &lt;TestCases.test_Registration1.Test_registration object at 0x000001A84F228E20&gt;<br/>Setup = &lt;selenium.webdriver.chrome.webdriver.WebDriver (session=&quot;b2c5efdf34df4642e2e019406dc6a60e&quot;)&gt;<br/><br/>    def test_Registration__002(self,Setup):<br/>        self.log.info(&quot;TestCase test_Registration__002 Started....!&quot;)<br/>        self.driver=Setup<br/>        self.log.info(&quot;Initializing webdriver Is Done....!&quot;)<br/>        self.driver.implicitly_wait(10)<br/>        self.driver.get(self.url)<br/>        self.log.info(&quot;Opening The URL Is Done....!&quot;)<br/>        self.lp=Registration(self.driver)<br/>        self.lp.getegistrationlink()<br/>        self.log.info(&quot;Getting the Resgistration Link Is Successfully....!&quot;)<br/>        self.lp.getReg_Name(self.name)<br/>        self.log.info(&quot;Getting the Name Is Successfully....!&quot;)<br/>        self.lp.getEmaliadd(self.email)<br/>        self.log.info(&quot;Getting the Email_Name Is Successfully....!&quot;)<br/>        self.lp.getPassword(self.passw)<br/>        self.log.info(&quot;Getting the Password Is Successfully....!&quot;)<br/>        self.lp.getConfPassword(self.conpassw)<br/>        self.log.info(&quot;Getting the Confirmed Password Is Successfully....!&quot;)<br/>        self.lp.getRegistrationButton()<br/>        self.log.info(&quot;Getting the RegistrationButton Is Successfully....!&quot;)<br/>&gt;       act_Title = self.driver.find_element(By.XPATH,&#x27;//a[text()=&quot;Blog Post&quot;]&#x27;).text<br/><br/>TestCases\test_Registration1.py:55: <br/>_ _ _ _ _ _ _ _ _ _ _ _ _ _ _ _ _ _ _ _ _ _ _ _ _ _ _ _ _ _ _ _ _ _ _ _ _ _ _ _ <br/>venv\lib\site-packages\selenium\webdriver\remote\webdriver.py:740: in find_element<br/>    return self.execute(Command.FIND_ELEMENT, {&quot;using&quot;: by, &quot;value&quot;: value})[&quot;value&quot;]<br/>venv\lib\site-packages\selenium\webdriver\remote\webdriver.py:346: in execute<br/>    self.error_handler.check_response(response)<br/>_ _ _ _ _ _ _ _ _ _ _ _ _ _ _ _ _ _ _ _ _ _ _ _ _ _ _ _ _ _ _ _ _ _ _ _ _ _ _ _ <br/><br/>self = &lt;selenium.webdriver.remote.errorhandler.ErrorHandler object at 0x000001A84FA7FA30&gt;<br/>response = {&#x27;status&#x27;: 404, &#x27;value&#x27;: &#x27;{&quot;value&quot;:{&quot;error&quot;:&quot;no such element&quot;,&quot;message&quot;:&quot;no such element: Unable to locate element: {\...\n\\tRtlGetAppContainerNamedObjectPath [0x77B37B4E+286]\\n\\tRtlGetAppContainerNamedObjectPath [0x77B37B1E+238]\\n&quot;}}&#x27;}<br/><br/>    def check_response(self, response: Dict[str, Any]) -&gt; None:<br/>        &quot;&quot;&quot;Checks that a JSON response from the WebDriver does not have an<br/>        error.<br/>    <br/>        :Args:<br/>         - response - The JSON response from the WebDriver server as a dictionary<br/>           object.<br/>    <br/>        :Raises: If the response contains an error message.<br/>        &quot;&quot;&quot;<br/>        status = response.get(&quot;status&quot;, None)<br/>        if not status or status == ErrorCode.SUCCESS:<br/>            return<br/>        value = None<br/>        message = response.get(&quot;message&quot;, &quot;&quot;)<br/>        screen: str = response.get(&quot;screen&quot;, &quot;&quot;)<br/>        stacktrace = None<br/>        if isinstance(status, int):<br/>            value_json = response.get(&quot;value&quot;, None)<br/>            if value_json and isinstance(value_json, str):<br/>                import json<br/>    <br/>                try:<br/>                    value = json.loads(value_json)<br/>                    if len(value) == 1:<br/>                        value = value[&quot;value&quot;]<br/>                    status = value.get(&quot;error&quot;, None)<br/>                    if not status:<br/>                        status = value.get(&quot;status&quot;, ErrorCode.UNKNOWN_ERROR)<br/>                        message = value.get(&quot;value&quot;) or value.get(&quot;message&quot;)<br/>                        if not isinstance(message, str):<br/>                            value = message<br/>                            message = message.get(&quot;message&quot;)<br/>                    else:<br/>                        message = value.get(&quot;message&quot;, None)<br/>                except ValueError:<br/>                    pass<br/>    <br/>        exception_class: Type[WebDriverException]<br/>        if status in ErrorCode.NO_SUCH_ELEMENT:<br/>            exception_class = NoSuchElementException<br/>        elif status in ErrorCode.NO_SUCH_FRAME:<br/>            exception_class = NoSuchFrameException<br/>        elif status in ErrorCode.NO_SUCH_SHADOW_ROOT:<br/>            exception_class = NoSuchShadowRootException<br/>        elif status in ErrorCode.NO_SUCH_WINDOW:<br/>            exception_class = NoSuchWindowException<br/>        elif status in ErrorCode.STALE_ELEMENT_REFERENCE:<br/>            exception_class = StaleElementReferenceException<br/>        elif status in ErrorCode.ELEMENT_NOT_VISIBLE:<br/>            exception_class = ElementNotVisibleException<br/>        elif status in ErrorCode.INVALID_ELEMENT_STATE:<br/>            exception_class = InvalidElementStateException<br/>        elif (<br/>            status in ErrorCode.INVALID_SELECTOR<br/>            or status in ErrorCode.INVALID_XPATH_SELECTOR<br/>            or status in ErrorCode.INVALID_XPATH_SELECTOR_RETURN_TYPER<br/>        ):<br/>            exception_class = InvalidSelectorException<br/>        elif status in ErrorCode.ELEMENT_IS_NOT_SELECTABLE:<br/>            exception_class = ElementNotSelectableException<br/>        elif status in ErrorCode.ELEMENT_NOT_INTERACTABLE:<br/>            exception_class = ElementNotInteractableException<br/>        elif status in ErrorCode.INVALID_COOKIE_DOMAIN:<br/>            exception_class = InvalidCookieDomainException<br/>        elif status in ErrorCode.UNABLE_TO_SET_COOKIE:<br/>            exception_class = UnableToSetCookieException<br/>        elif status in ErrorCode.TIMEOUT:<br/>            exception_class = TimeoutException<br/>        elif status in ErrorCode.SCRIPT_TIMEOUT:<br/>            exception_class = TimeoutException<br/>        elif status in ErrorCode.UNKNOWN_ERROR:<br/>            exception_class = WebDriverException<br/>        elif status in ErrorCode.UNEXPECTED_ALERT_OPEN:<br/>            exception_class = UnexpectedAlertPresentException<br/>        elif status in ErrorCode.NO_ALERT_OPEN:<br/>            exception_class = NoAlertPresentException<br/>        elif status in ErrorCode.IME_NOT_AVAILABLE:<br/>            exception_class = ImeNotAvailableException<br/>        elif status in ErrorCode.IME_ENGINE_ACTIVATION_FAILED:<br/>            exception_class = ImeActivationFailedException<br/>        elif status in ErrorCode.MOVE_TARGET_OUT_OF_BOUNDS:<br/>            exception_class = MoveTargetOutOfBoundsException<br/>        elif status in ErrorCode.JAVASCRIPT_ERROR:<br/>            exception_class = JavascriptException<br/>        elif status in ErrorCode.SESSION_NOT_CREATED:<br/>            exception_class = SessionNotCreatedException<br/>        elif status in ErrorCode.INVALID_ARGUMENT:<br/>            exception_class = InvalidArgumentException<br/>        elif status in ErrorCode.NO_SUCH_COOKIE:<br/>            exception_class = NoSuchCookieException<br/>        elif status in ErrorCode.UNABLE_TO_CAPTURE_SCREEN:<br/>            exception_class = ScreenshotException<br/>        elif status in ErrorCode.ELEMENT_CLICK_INTERCEPTED:<br/>            exception_class = ElementClickInterceptedException<br/>        elif status in ErrorCode.INSECURE_CERTIFICATE:<br/>            exception_class = InsecureCertificateException<br/>        elif status in ErrorCode.INVALID_COORDINATES:<br/>            exception_class = InvalidCoordinatesException<br/>        elif status in ErrorCode.INVALID_SESSION_ID:<br/>            exception_class = InvalidSessionIdException<br/>        elif status in ErrorCode.UNKNOWN_METHOD:<br/>            exception_class = UnknownMethodException<br/>        else:<br/>            exception_class = WebDriverException<br/>        if not value:<br/>            value = response[&quot;value&quot;]<br/>        if isinstance(value, str):<br/>            raise exception_class(value)<br/>        if message == &quot;&quot; and &quot;message&quot; in value:<br/>            message = value[&quot;message&quot;]<br/>    <br/>        screen = None  # type: ignore[assignment]<br/>        if &quot;screen&quot; in value:<br/>            screen = value[&quot;screen&quot;]<br/>    <br/>        stacktrace = None<br/>        st_value = value.get(&quot;stackTrace&quot;) or value.get(&quot;stacktrace&quot;)<br/>        if st_value:<br/>            if isinstance(st_value, str):<br/>                stacktrace = st_value.split(&quot;\n&quot;)<br/>            else:<br/>                stacktrace = []<br/>                try:<br/>                    for frame in st_value:<br/>                        line = frame.get(&quot;lineNumber&quot;, &quot;&quot;)<br/>                        file = frame.get(&quot;fileName&quot;, &quot;&lt;anonymous&gt;&quot;)<br/>                        if line:<br/>                            file = f&quot;{file}:{line}&quot;<br/>                        meth = frame.get(&quot;methodName&quot;, &quot;&lt;anonymous&gt;&quot;)<br/>                        if &quot;className&quot; in frame:<br/>                            meth = f&quot;{frame[&#x27;className&#x27;]}.{meth}&quot;<br/>                        msg = &quot;    at %s (%s)&quot;<br/>                        msg = msg % (meth, file)<br/>                        stacktrace.append(msg)<br/>                except TypeError:<br/>                    pass<br/>        if exception_class == UnexpectedAlertPresentException:<br/>            alert_text = None<br/>            if &quot;data&quot; in value:<br/>                alert_text = value[&quot;data&quot;].get(&quot;text&quot;)<br/>            elif &quot;alert&quot; in value:<br/>                alert_text = value[&quot;alert&quot;].get(&quot;text&quot;)<br/>            raise exception_class(message, screen, stacktrace, alert_text)  # type: ignore[call-arg]  # mypy is not smart enough here<br/>&gt;       raise exception_class(message, screen, stacktrace)<br/><span class="error">E       selenium.common.exceptions.NoSuchElementException: Message: no such element: Unable to locate element: {&quot;method&quot;:&quot;xpath&quot;,&quot;selector&quot;:&quot;//a[text()=&quot;Blog Post&quot;]&quot;}</span><br/><span class="error">E         (Session info: headless chrome=114.0.5735.199); For documentation on this error, please visit: https://www.selenium.dev/documentation/webdriver/troubleshooting/errors#no-such-element-exception</span><br/><span class="error">E       Stacktrace:</span><br/><span class="error">E       Backtrace:</span><br/><span class="error">E       	GetHandleVerifier [0x00AD8893+48451]</span><br/><span class="error">E       	(No symbol) [0x00A6B8A1]</span><br/><span class="error">E       	(No symbol) [0x00975058]</span><br/><span class="error">E       	(No symbol) [0x009A0467]</span><br/><span class="error">E       	(No symbol) [0x009A069B]</span><br/><span class="error">E       	(No symbol) [0x009CDD92]</span><br/><span class="error">E       	(No symbol) [0x009BA304]</span><br/><span class="error">E       	(No symbol) [0x009CC482]</span><br/><span class="error">E       	(No symbol) [0x009BA0B6]</span><br/><span class="error">E       	(No symbol) [0x00997E08]</span><br/><span class="error">E       	(No symbol) [0x00998F2D]</span><br/><span class="error">E       	GetHandleVerifier [0x00D38E3A+2540266]</span><br/><span class="error">E       	GetHandleVerifier [0x00D78959+2801161]</span><br/><span class="error">E       	GetHandleVerifier [0x00D7295C+2776588]</span><br/><span class="error">E       	GetHandleVerifier [0x00B62280+612144]</span><br/><span class="error">E       	(No symbol) [0x00A74F6C]</span><br/><span class="error">E       	(No symbol) [0x00A711D8]</span><br/><span class="error">E       	(No symbol) [0x00A712BB]</span><br/><span class="error">E       	(No symbol) [0x00A64857]</span><br/><span class="error">E       	BaseThreadInitThunk [0x767400C9+25]</span><br/><span class="error">E       	RtlGetAppContainerNamedObjectPath [0x77B37B4E+286]</span><br/><span class="error">E       	RtlGetAppContainerNamedObjectPath [0x77B37B1E+238]</span><br/><br/>venv\lib\site-packages\selenium\webdriver\remote\errorhandler.py:245: NoSuchElementException[gw1] win32 -- Python 3.10.11 C:\Users\Admin\PycharmProjects\CreadCart_Auto_final\venv\Scripts\python.exe<br/> -------------------------------Captured log call-------------------------------- <br/>INFO     Test_registration:test_Registration1.py:36 TestCase test_Registration__002 Started....!
INFO     Test_registration:test_Registration1.py:38 Initializing webdriver Is Done....!
INFO     Test_registration:test_Registration1.py:41 Opening The URL Is Done....!
INFO     Test_registration:test_Registration1.py:44 Getting the Resgistration Link Is Successfully....!
INFO     Test_registration:test_Registration1.py:46 Getting the Name Is Successfully....!
INFO     Test_registration:test_Registration1.py:48 Getting the Email_Name Is Successfully....!
INFO     Test_registration:test_Registration1.py:50 Getting the Password Is Successfully....!
INFO     Test_registration:test_Registration1.py:52 Getting the Confirmed Password Is Successfully....!
INFO     Test_registration:test_Registration1.py:54 Getting the RegistrationButton Is Successfully....!<br/></div></td></tr></tbody>
      <tbody class="failed results-table-row">
        <tr>
          <td class="col-result">Failed</td>
          <td class="col-name">TestCases/test_login_Param3.py::Test_login_param::test_login_param__004[getDataForLgoIn1]</td>
          <td class="col-duration">10.16</td>
          <td class="col-links"></td></tr>
        <tr>
          <td class="extra" colspan="4">
            <div class="log">[gw5] win32 -- Python 3.10.11 C:\Users\Admin\PycharmProjects\CreadCart_Auto_final\venv\Scripts\python.exe<br/>[gw5] win32 -- Python 3.10.11 C:\Users\Admin\PycharmProjects\CreadCart_Auto_final\venv\Scripts\python.exe[gw5] win32 -- Python 3.10.11 C:\Users\Admin\PycharmProjects\CreadCart_Auto_final\venv\Scripts\python.exe<br/><br/>self = &lt;TestCases.test_login_Param3.Test_login_param object at 0x000001BF05A296F0&gt;<br/>Setup = &lt;selenium.webdriver.chrome.webdriver.WebDriver (session=&quot;e288dc4f64f4dfa3535cd66dc1922a17&quot;)&gt;<br/>getDataForLgoIn = (&#x27;svgade21222@gmail.com&#x27;, &#x27;sushant&#x27;, &#x27;Fail&#x27;)<br/><br/>    def test_login_param__004(self,Setup,getDataForLgoIn):<br/>        self.log.info(&quot;TestCase test_login_param__004 Started....!&quot;)<br/>        self.driver=Setup<br/>        self.log.info(&quot;TestCase test_login_003 Passed....!&quot;)<br/>        self.driver.implicitly_wait(10)<br/>        self.driver.get(self.baseurl)<br/>        self.log.info(&quot;Opening The URL Is Done....!&quot;)<br/>        self.lp2=LogINPage(self.driver)<br/>        self.lp2.getLogInLink()<br/>        self.log.info(&quot;Getting the getLogInLink Link Is Successfully....!&quot;)<br/>        self.lp2.getemailAdd(getDataForLgoIn[0])<br/>        self.log.info(&quot;Getting the Email_Name Is Successfully....!&quot;)<br/>        self.lp2.emailpassword(getDataForLgoIn[1])<br/>        self.log.info(&quot;Getting the Password Is Successfully....!&quot;)<br/>        self.lp2.getLoginButton()<br/>        self.log.info(&quot;Getting the LoginButton Is Successfully....!&quot;)<br/>        act_title=self.driver.title<br/>        self.log.info(&quot;Capturing The Page Title Is Successfully....!&quot;)<br/>        exp_title=&quot;CredKart&quot;<br/>        if act_title==exp_title:<br/>            self.log.info(&quot; act_title and exp_title is Passed....!&quot;)<br/>            if getDataForLgoIn[2]==&quot;Pass&quot;:<br/>                self.log.info(&quot; getDataForLgoIn[2]==&#x27;Pass&#x27; is Passed....!&quot;)<br/>                self.lp2.getMenuButton()<br/>                self.log.info(&quot;Getting the MenuButton Is Successfully....!&quot;)<br/>                self.lp2.getLogOutButton()<br/>                self.log.info(&quot;Getting the LogOutButton Is Successfully....!&quot;)<br/>                assert True<br/>            else:<br/>                self.log.info(&quot; getDataForLgoIn[2]==&#x27;Pass&#x27; is Failed....!&quot;)<br/>&gt;               assert False<br/><span class="error">E               assert False</span><br/><br/>TestCases\test_login_Param3.py:39: AssertionError[gw5] win32 -- Python 3.10.11 C:\Users\Admin\PycharmProjects\CreadCart_Auto_final\venv\Scripts\python.exe<br/> -------------------------------Captured log call-------------------------------- <br/>INFO     Test_login_param:test_login_Param3.py:10 TestCase test_login_param__004 Started....!
INFO     Test_login_param:test_login_Param3.py:12 TestCase test_login_003 Passed....!
INFO     Test_login_param:test_login_Param3.py:15 Opening The URL Is Done....!
INFO     Test_login_param:test_login_Param3.py:18 Getting the getLogInLink Link Is Successfully....!
INFO     Test_login_param:test_login_Param3.py:20 Getting the Email_Name Is Successfully....!
INFO     Test_login_param:test_login_Param3.py:22 Getting the Password Is Successfully....!
INFO     Test_login_param:test_login_Param3.py:24 Getting the LoginButton Is Successfully....!
INFO     Test_login_param:test_login_Param3.py:26 Capturing The Page Title Is Successfully....!
INFO     Test_login_param:test_login_Param3.py:29  act_title and exp_title is Passed....!
INFO     Test_login_param:test_login_Param3.py:38  getDataForLgoIn[2]==&#x27;Pass&#x27; is Failed....!<br/></div></td></tr></tbody>
      <tbody class="failed results-table-row">
        <tr>
          <td class="col-result">Failed</td>
          <td class="col-name">TestCases/test_login_Param3.py::Test_login_param::test_login_param__004[getDataForLgoIn2]</td>
          <td class="col-duration">4.51</td>
          <td class="col-links"></td></tr>
        <tr>
          <td class="extra" colspan="4">
            <div class="log">[gw0] win32 -- Python 3.10.11 C:\Users\Admin\PycharmProjects\CreadCart_Auto_final\venv\Scripts\python.exe<br/>[gw0] win32 -- Python 3.10.11 C:\Users\Admin\PycharmProjects\CreadCart_Auto_final\venv\Scripts\python.exe[gw0] win32 -- Python 3.10.11 C:\Users\Admin\PycharmProjects\CreadCart_Auto_final\venv\Scripts\python.exe<br/><br/>self = &lt;TestCases.test_login_Param3.Test_login_param object at 0x000001BCB697FA60&gt;<br/>Setup = &lt;selenium.webdriver.chrome.webdriver.WebDriver (session=&quot;78688aeec740d7f4224f1991dba8540b&quot;)&gt;<br/>getDataForLgoIn = (&#x27;svgade2122@gmail.com&#x27;, &#x27;sushant12&#x27;, &#x27;Fail&#x27;)<br/><br/>    def test_login_param__004(self,Setup,getDataForLgoIn):<br/>        self.log.info(&quot;TestCase test_login_param__004 Started....!&quot;)<br/>        self.driver=Setup<br/>        self.log.info(&quot;TestCase test_login_003 Passed....!&quot;)<br/>        self.driver.implicitly_wait(10)<br/>        self.driver.get(self.baseurl)<br/>        self.log.info(&quot;Opening The URL Is Done....!&quot;)<br/>        self.lp2=LogINPage(self.driver)<br/>        self.lp2.getLogInLink()<br/>        self.log.info(&quot;Getting the getLogInLink Link Is Successfully....!&quot;)<br/>        self.lp2.getemailAdd(getDataForLgoIn[0])<br/>        self.log.info(&quot;Getting the Email_Name Is Successfully....!&quot;)<br/>        self.lp2.emailpassword(getDataForLgoIn[1])<br/>        self.log.info(&quot;Getting the Password Is Successfully....!&quot;)<br/>        self.lp2.getLoginButton()<br/>        self.log.info(&quot;Getting the LoginButton Is Successfully....!&quot;)<br/>        act_title=self.driver.title<br/>        self.log.info(&quot;Capturing The Page Title Is Successfully....!&quot;)<br/>        exp_title=&quot;CredKart&quot;<br/>        if act_title==exp_title:<br/>            self.log.info(&quot; act_title and exp_title is Passed....!&quot;)<br/>            if getDataForLgoIn[2]==&quot;Pass&quot;:<br/>                self.log.info(&quot; getDataForLgoIn[2]==&#x27;Pass&#x27; is Passed....!&quot;)<br/>                self.lp2.getMenuButton()<br/>                self.log.info(&quot;Getting the MenuButton Is Successfully....!&quot;)<br/>                self.lp2.getLogOutButton()<br/>                self.log.info(&quot;Getting the LogOutButton Is Successfully....!&quot;)<br/>                assert True<br/>            else:<br/>                self.log.info(&quot; getDataForLgoIn[2]==&#x27;Pass&#x27; is Failed....!&quot;)<br/>&gt;               assert False<br/><span class="error">E               assert False</span><br/><br/>TestCases\test_login_Param3.py:39: AssertionError[gw0] win32 -- Python 3.10.11 C:\Users\Admin\PycharmProjects\CreadCart_Auto_final\venv\Scripts\python.exe<br/> -------------------------------Captured log call-------------------------------- <br/>INFO     Test_login_param:test_login_Param3.py:10 TestCase test_login_param__004 Started....!
INFO     Test_login_param:test_login_Param3.py:12 TestCase test_login_003 Passed....!
INFO     Test_login_param:test_login_Param3.py:15 Opening The URL Is Done....!
INFO     Test_login_param:test_login_Param3.py:18 Getting the getLogInLink Link Is Successfully....!
INFO     Test_login_param:test_login_Param3.py:20 Getting the Email_Name Is Successfully....!
INFO     Test_login_param:test_login_Param3.py:22 Getting the Password Is Successfully....!
INFO     Test_login_param:test_login_Param3.py:24 Getting the LoginButton Is Successfully....!
INFO     Test_login_param:test_login_Param3.py:26 Capturing The Page Title Is Successfully....!
INFO     Test_login_param:test_login_Param3.py:29  act_title and exp_title is Passed....!
INFO     Test_login_param:test_login_Param3.py:38  getDataForLgoIn[2]==&#x27;Pass&#x27; is Failed....!<br/></div></td></tr></tbody>
      <tbody class="failed results-table-row">
        <tr>
          <td class="col-result">Failed</td>
          <td class="col-name">TestCases/test_login_Param3.py::Test_login_param::test_login_param__004[getDataForLgoIn3]</td>
          <td class="col-duration">4.35</td>
          <td class="col-links"></td></tr>
        <tr>
          <td class="extra" colspan="4">
            <div class="log">[gw1] win32 -- Python 3.10.11 C:\Users\Admin\PycharmProjects\CreadCart_Auto_final\venv\Scripts\python.exe<br/>[gw1] win32 -- Python 3.10.11 C:\Users\Admin\PycharmProjects\CreadCart_Auto_final\venv\Scripts\python.exe[gw1] win32 -- Python 3.10.11 C:\Users\Admin\PycharmProjects\CreadCart_Auto_final\venv\Scripts\python.exe<br/><br/>self = &lt;TestCases.test_login_Param3.Test_login_param object at 0x000001A84F1E6410&gt;<br/>Setup = &lt;selenium.webdriver.chrome.webdriver.WebDriver (session=&quot;c92efd5a99f982a7f874d36482a51959&quot;)&gt;<br/>getDataForLgoIn = (&#x27;svgade211222@gmail.com&#x27;, &#x27;sushant21&#x27;, &#x27;Fail&#x27;)<br/><br/>    def test_login_param__004(self,Setup,getDataForLgoIn):<br/>        self.log.info(&quot;TestCase test_login_param__004 Started....!&quot;)<br/>        self.driver=Setup<br/>        self.log.info(&quot;TestCase test_login_003 Passed....!&quot;)<br/>        self.driver.implicitly_wait(10)<br/>        self.driver.get(self.baseurl)<br/>        self.log.info(&quot;Opening The URL Is Done....!&quot;)<br/>        self.lp2=LogINPage(self.driver)<br/>        self.lp2.getLogInLink()<br/>        self.log.info(&quot;Getting the getLogInLink Link Is Successfully....!&quot;)<br/>        self.lp2.getemailAdd(getDataForLgoIn[0])<br/>        self.log.info(&quot;Getting the Email_Name Is Successfully....!&quot;)<br/>        self.lp2.emailpassword(getDataForLgoIn[1])<br/>        self.log.info(&quot;Getting the Password Is Successfully....!&quot;)<br/>        self.lp2.getLoginButton()<br/>        self.log.info(&quot;Getting the LoginButton Is Successfully....!&quot;)<br/>        act_title=self.driver.title<br/>        self.log.info(&quot;Capturing The Page Title Is Successfully....!&quot;)<br/>        exp_title=&quot;CredKart&quot;<br/>        if act_title==exp_title:<br/>            self.log.info(&quot; act_title and exp_title is Passed....!&quot;)<br/>            if getDataForLgoIn[2]==&quot;Pass&quot;:<br/>                self.log.info(&quot; getDataForLgoIn[2]==&#x27;Pass&#x27; is Passed....!&quot;)<br/>                self.lp2.getMenuButton()<br/>                self.log.info(&quot;Getting the MenuButton Is Successfully....!&quot;)<br/>                self.lp2.getLogOutButton()<br/>                self.log.info(&quot;Getting the LogOutButton Is Successfully....!&quot;)<br/>                assert True<br/>            else:<br/>                self.log.info(&quot; getDataForLgoIn[2]==&#x27;Pass&#x27; is Failed....!&quot;)<br/>&gt;               assert False<br/><span class="error">E               assert False</span><br/><br/>TestCases\test_login_Param3.py:39: AssertionError[gw1] win32 -- Python 3.10.11 C:\Users\Admin\PycharmProjects\CreadCart_Auto_final\venv\Scripts\python.exe<br/> -------------------------------Captured log call-------------------------------- <br/>INFO     Test_login_param:test_login_Param3.py:10 TestCase test_login_param__004 Started....!
INFO     Test_login_param:test_login_Param3.py:12 TestCase test_login_003 Passed....!
INFO     Test_login_param:test_login_Param3.py:15 Opening The URL Is Done....!
INFO     Test_login_param:test_login_Param3.py:18 Getting the getLogInLink Link Is Successfully....!
INFO     Test_login_param:test_login_Param3.py:20 Getting the Email_Name Is Successfully....!
INFO     Test_login_param:test_login_Param3.py:22 Getting the Password Is Successfully....!
INFO     Test_login_param:test_login_Param3.py:24 Getting the LoginButton Is Successfully....!
INFO     Test_login_param:test_login_Param3.py:26 Capturing The Page Title Is Successfully....!
INFO     Test_login_param:test_login_Param3.py:29  act_title and exp_title is Passed....!
INFO     Test_login_param:test_login_Param3.py:38  getDataForLgoIn[2]==&#x27;Pass&#x27; is Failed....!<br/></div></td></tr></tbody>
      <tbody class="passed results-table-row">
        <tr>
          <td class="col-result">Passed</td>
          <td class="col-name">TestCases/test_login2.py::Test_loginPage::test_login_003</td>
          <td class="col-duration">10.47</td>
          <td class="col-links"></td></tr>
        <tr>
          <td class="extra" colspan="4">
            <div class="log">[gw2] win32 -- Python 3.10.11 C:\Users\Admin\PycharmProjects\CreadCart_Auto_final\venv\Scripts\python.exe<br/>[gw2] win32 -- Python 3.10.11 C:\Users\Admin\PycharmProjects\CreadCart_Auto_final\venv\Scripts\python.exe[gw2] win32 -- Python 3.10.11 C:\Users\Admin\PycharmProjects\CreadCart_Auto_final\venv\Scripts\python.exe[gw2] win32 -- Python 3.10.11 C:\Users\Admin\PycharmProjects\CreadCart_Auto_final\venv\Scripts\python.exe<br/> -------------------------------Captured log call-------------------------------- <br/>INFO     Test_loginPage:test_login2.py:14 TestCase test_login_003 Started....!
INFO     Test_loginPage:test_login2.py:16 TestCase test_login_003 Passed....!
INFO     Test_loginPage:test_login2.py:19 Opening The URL Is Done....!
INFO     Test_loginPage:test_login2.py:22 Getting the getLogInLink Link Is Successfully....!
INFO     Test_loginPage:test_login2.py:24 Getting the Email_Name Is Successfully....!
INFO     Test_loginPage:test_login2.py:26 Getting the Password Is Successfully....!
INFO     Test_loginPage:test_login2.py:28 Getting the LoginButton Is Successfully....!
INFO     Test_loginPage:test_login2.py:30 Capturing The Page Title Is Successfully....!
INFO     Test_loginPage:test_login2.py:33 TestCase test_login_003 Passed....!<br/></div></td></tr></tbody>
      <tbody class="passed results-table-row">
        <tr>
          <td class="col-result">Passed</td>
          <td class="col-name">TestCases/test_Registration1.py::Test_registration::test_HomePageTitle__001</td>
          <td class="col-duration">8.19</td>
          <td class="col-links"></td></tr>
        <tr>
          <td class="extra" colspan="4">
            <div class="log">[gw0] win32 -- Python 3.10.11 C:\Users\Admin\PycharmProjects\CreadCart_Auto_final\venv\Scripts\python.exe<br/>[gw0] win32 -- Python 3.10.11 C:\Users\Admin\PycharmProjects\CreadCart_Auto_final\venv\Scripts\python.exe[gw0] win32 -- Python 3.10.11 C:\Users\Admin\PycharmProjects\CreadCart_Auto_final\venv\Scripts\python.exe[gw0] win32 -- Python 3.10.11 C:\Users\Admin\PycharmProjects\CreadCart_Auto_final\venv\Scripts\python.exe<br/> -------------------------------Captured log call-------------------------------- <br/>INFO     Test_registration:test_Registration1.py:18 TestCase test_HomePageTitle__001 Started....!
INFO     Test_registration:test_Registration1.py:20 Initializing webdriver Is Done....!
INFO     Test_registration:test_Registration1.py:22 Opening The URL Is Done....!
INFO     Test_registration:test_Registration1.py:24 Capturing The Page Title Is Done....!
INFO     Test_registration:test_Registration1.py:27 test_HomePageTitle__001 Passed....!<br/></div></td></tr></tbody>
      <tbody class="passed results-table-row">
        <tr>
          <td class="col-result">Passed</td>
          <td class="col-name">TestCases/test_login_Param3.py::Test_login_param::test_login_param__004[getDataForLgoIn0]</td>
          <td class="col-duration">11.82</td>
          <td class="col-links"></td></tr>
        <tr>
          <td class="extra" colspan="4">
            <div class="log">[gw4] win32 -- Python 3.10.11 C:\Users\Admin\PycharmProjects\CreadCart_Auto_final\venv\Scripts\python.exe<br/>[gw4] win32 -- Python 3.10.11 C:\Users\Admin\PycharmProjects\CreadCart_Auto_final\venv\Scripts\python.exe[gw4] win32 -- Python 3.10.11 C:\Users\Admin\PycharmProjects\CreadCart_Auto_final\venv\Scripts\python.exe[gw4] win32 -- Python 3.10.11 C:\Users\Admin\PycharmProjects\CreadCart_Auto_final\venv\Scripts\python.exe<br/> -------------------------------Captured log call-------------------------------- <br/>INFO     Test_login_param:test_login_Param3.py:10 TestCase test_login_param__004 Started....!
INFO     Test_login_param:test_login_Param3.py:12 TestCase test_login_003 Passed....!
INFO     Test_login_param:test_login_Param3.py:15 Opening The URL Is Done....!
INFO     Test_login_param:test_login_Param3.py:18 Getting the getLogInLink Link Is Successfully....!
INFO     Test_login_param:test_login_Param3.py:20 Getting the Email_Name Is Successfully....!
INFO     Test_login_param:test_login_Param3.py:22 Getting the Password Is Successfully....!
INFO     Test_login_param:test_login_Param3.py:24 Getting the LoginButton Is Successfully....!
INFO     Test_login_param:test_login_Param3.py:26 Capturing The Page Title Is Successfully....!
INFO     Test_login_param:test_login_Param3.py:29  act_title and exp_title is Passed....!
INFO     Test_login_param:test_login_Param3.py:31  getDataForLgoIn[2]==&#x27;Pass&#x27; is Passed....!
INFO     Test_login_param:test_login_Param3.py:33 Getting the MenuButton Is Successfully....!
INFO     Test_login_param:test_login_Param3.py:35 Getting the LogOutButton Is Successfully....!<br/></div></td></tr></tbody>
      <tbody class="passed results-table-row">
        <tr>
          <td class="col-result">Passed</td>
          <td class="col-name">TestCases/test_login_Cx_Oracle5.py::Test_loginPage_Cx_Oracle::test_loginPage_Cx_Oracle_006</td>
          <td class="col-duration">165.05</td>
          <td class="col-links"></td></tr>
        <tr>
          <td class="extra" colspan="4">
            <div class="log">[gw3] win32 -- Python 3.10.11 C:\Users\Admin\PycharmProjects\CreadCart_Auto_final\venv\Scripts\python.exe<br/>[gw3] win32 -- Python 3.10.11 C:\Users\Admin\PycharmProjects\CreadCart_Auto_final\venv\Scripts\python.exe[gw3] win32 -- Python 3.10.11 C:\Users\Admin\PycharmProjects\CreadCart_Auto_final\venv\Scripts\python.exe[gw3] win32 -- Python 3.10.11 C:\Users\Admin\PycharmProjects\CreadCart_Auto_final\venv\Scripts\python.exe<br/> ------------------------------Captured stdout call------------------------------ <br/>connected
CredKart
CredKart
CredKart
CredKart
[&#x27;Pass&#x27;, &#x27;Pass&#x27;, &#x27;Pass&#x27;, &#x27;Pass&#x27;]
<br/> -------------------------------Captured log call-------------------------------- <br/>INFO     Test_loginPage_Cx_Oracle:test_login_Cx_Oracle5.py:18 TestCase test_loginPage_Cx_Oracle_006 Started....!
INFO     Test_loginPage_Cx_Oracle:test_login_Cx_Oracle5.py:20 Initializing webdriver Is Done....!
INFO     Test_loginPage_Cx_Oracle:test_login_Cx_Oracle5.py:23 Opening The URL Is Done....!
INFO     Test_loginPage_Cx_Oracle:test_login_Cx_Oracle5.py:36 Getting the getLogInLink Link Is Successfully....!
INFO     Test_loginPage_Cx_Oracle:test_login_Cx_Oracle5.py:39 Getting the Email_Name Is Successfully....!
INFO     Test_loginPage_Cx_Oracle:test_login_Cx_Oracle5.py:42 Getting the Password Is Successfully....!
INFO     Test_loginPage_Cx_Oracle:test_login_Cx_Oracle5.py:45 Getting the LoginButton Is Successfully....!
INFO     Test_loginPage_Cx_Oracle:test_login_Cx_Oracle5.py:48 Capturing The Page Title Is Successfully....&gt;&quot;{self.act_Title}&quot;!
INFO     Test_loginPage_Cx_Oracle:test_login_Cx_Oracle5.py:54 Click on Menu button
INFO     Test_loginPage_Cx_Oracle:test_login_Cx_Oracle5.py:57 Getting the LogOutButton Is Successfully....!
INFO     Test_loginPage_Cx_Oracle:test_login_Cx_Oracle5.py:36 Getting the getLogInLink Link Is Successfully....!
INFO     Test_loginPage_Cx_Oracle:test_login_Cx_Oracle5.py:39 Getting the Email_Name Is Successfully....!
INFO     Test_loginPage_Cx_Oracle:test_login_Cx_Oracle5.py:42 Getting the Password Is Successfully....!
INFO     Test_loginPage_Cx_Oracle:test_login_Cx_Oracle5.py:45 Getting the LoginButton Is Successfully....!
INFO     Test_loginPage_Cx_Oracle:test_login_Cx_Oracle5.py:48 Capturing The Page Title Is Successfully....&gt;&quot;{self.act_Title}&quot;!
INFO     Test_loginPage_Cx_Oracle:test_login_Cx_Oracle5.py:36 Getting the getLogInLink Link Is Successfully....!
INFO     Test_loginPage_Cx_Oracle:test_login_Cx_Oracle5.py:39 Getting the Email_Name Is Successfully....!
INFO     Test_loginPage_Cx_Oracle:test_login_Cx_Oracle5.py:42 Getting the Password Is Successfully....!
INFO     Test_loginPage_Cx_Oracle:test_login_Cx_Oracle5.py:45 Getting the LoginButton Is Successfully....!
INFO     Test_loginPage_Cx_Oracle:test_login_Cx_Oracle5.py:48 Capturing The Page Title Is Successfully....&gt;&quot;{self.act_Title}&quot;!
INFO     Test_loginPage_Cx_Oracle:test_login_Cx_Oracle5.py:36 Getting the getLogInLink Link Is Successfully....!
INFO     Test_loginPage_Cx_Oracle:test_login_Cx_Oracle5.py:39 Getting the Email_Name Is Successfully....!
INFO     Test_loginPage_Cx_Oracle:test_login_Cx_Oracle5.py:42 Getting the Password Is Successfully....!
INFO     Test_loginPage_Cx_Oracle:test_login_Cx_Oracle5.py:45 Getting the LoginButton Is Successfully....!
INFO     Test_loginPage_Cx_Oracle:test_login_Cx_Oracle5.py:48 Capturing The Page Title Is Successfully....&gt;&quot;{self.act_Title}&quot;!
INFO     Test_loginPage_Cx_Oracle:test_login_Cx_Oracle5.py:75 TestCase TestCase test_loginPage_Cx_Oracle_006 Passed<br/></div></td></tr></tbody>
      <tbody class="passed results-table-row">
        <tr>
          <td class="col-result">Passed</td>
          <td class="col-name">TestCases/test_login_ddt4.py::Test_loginPage::test_login_005</td>
          <td class="col-duration">179.65</td>
          <td class="col-links"></td></tr>
        <tr>
          <td class="extra" colspan="4">
            <div class="log">[gw2] win32 -- Python 3.10.11 C:\Users\Admin\PycharmProjects\CreadCart_Auto_final\venv\Scripts\python.exe<br/>[gw2] win32 -- Python 3.10.11 C:\Users\Admin\PycharmProjects\CreadCart_Auto_final\venv\Scripts\python.exe[gw2] win32 -- Python 3.10.11 C:\Users\Admin\PycharmProjects\CreadCart_Auto_final\venv\Scripts\python.exe[gw2] win32 -- Python 3.10.11 C:\Users\Admin\PycharmProjects\CreadCart_Auto_final\venv\Scripts\python.exe<br/> ------------------------------Captured stdout call------------------------------ <br/>6
CredKart
CredKart
CredKart
CredKart
[&#x27;Pass&#x27;, &#x27;Pass &#x27;, &#x27;Pass &#x27;, &#x27;Pass &#x27;]
<br/> -------------------------------Captured log call-------------------------------- <br/>INFO     Test_loginPage:test_login_ddt4.py:17 TestCase test_login_005 Started....!
INFO     Test_loginPage:test_login_ddt4.py:19 Initializing webdriver Is Done....!
INFO     Test_loginPage:test_login_ddt4.py:22 Opening The URL Is Done....!
INFO     Test_loginPage:test_login_ddt4.py:33 Getting the getLogInLink Link Is Successfully....!
INFO     Test_loginPage:test_login_ddt4.py:36 Getting the Email_Name Is Successfully....!
INFO     Test_loginPage:test_login_ddt4.py:39 Getting the Password Is Successfully....!
INFO     Test_loginPage:test_login_ddt4.py:42 Getting the LoginButton Is Successfully....!
INFO     Test_loginPage:test_login_ddt4.py:45 Capturing The Page Title Is Successfully....&gt;&quot;{self.act_Title}&quot;!
INFO     Test_loginPage:test_login_ddt4.py:51 Click on Menu button
INFO     Test_loginPage:test_login_ddt4.py:54 Getting the LogOutButton Is Successfully....!
INFO     Test_loginPage:test_login_ddt4.py:33 Getting the getLogInLink Link Is Successfully....!
INFO     Test_loginPage:test_login_ddt4.py:36 Getting the Email_Name Is Successfully....!
INFO     Test_loginPage:test_login_ddt4.py:39 Getting the Password Is Successfully....!
INFO     Test_loginPage:test_login_ddt4.py:42 Getting the LoginButton Is Successfully....!
INFO     Test_loginPage:test_login_ddt4.py:45 Capturing The Page Title Is Successfully....&gt;&quot;{self.act_Title}&quot;!
INFO     Test_loginPage:test_login_ddt4.py:33 Getting the getLogInLink Link Is Successfully....!
INFO     Test_loginPage:test_login_ddt4.py:36 Getting the Email_Name Is Successfully....!
INFO     Test_loginPage:test_login_ddt4.py:39 Getting the Password Is Successfully....!
INFO     Test_loginPage:test_login_ddt4.py:42 Getting the LoginButton Is Successfully....!
INFO     Test_loginPage:test_login_ddt4.py:45 Capturing The Page Title Is Successfully....&gt;&quot;{self.act_Title}&quot;!
INFO     Test_loginPage:test_login_ddt4.py:33 Getting the getLogInLink Link Is Successfully....!
INFO     Test_loginPage:test_login_ddt4.py:36 Getting the Email_Name Is Successfully....!
INFO     Test_loginPage:test_login_ddt4.py:39 Getting the Password Is Successfully....!
INFO     Test_loginPage:test_login_ddt4.py:42 Getting the LoginButton Is Successfully....!
INFO     Test_loginPage:test_login_ddt4.py:45 Capturing The Page Title Is Successfully....&gt;&quot;{self.act_Title}&quot;!
INFO     Test_loginPage:test_login_ddt4.py:73 TestCase test_login_005 Passed<br/></div></td></tr></tbody></table></body></html>